{
  "stats": {
    "suites": 0,
    "tests": 1,
    "passes": 0,
    "pending": 0,
    "failures": 1,
    "start": "2023-12-23T02:30:44.516Z",
    "end": "2023-12-23T02:30:53.521Z",
    "duration": 9005,
    "testsRegistered": 1,
    "passPercent": 0,
    "pendingPercent": 0,
    "other": 0,
    "hasOther": false,
    "skipped": 0,
    "hasSkipped": false
  },
  "results": [
    {
      "uuid": "0406f5f2-0ce0-46bd-b2ec-87e8df6156d1",
      "title": "",
      "fullFile": "cypress/e2e/practice/button.cy.js",
      "file": "cypress/e2e/practice/button.cy.js",
      "beforeHooks": [],
      "afterHooks": [],
      "tests": [
        {
          "title": "Basic Commands for CY",
          "fullTitle": "Basic Commands for CY",
          "timedOut": null,
          "duration": 6955,
          "state": "failed",
          "speed": null,
          "pass": false,
          "fail": true,
          "pending": false,
          "context": null,
          "code": "Cypress.on('uncaught:exception', (err, runnable) => {\n  return false;\n});\ncy.visit(\"https://letcode.in/buttons\");\n// cy.get('#color').should('have.css', 'background-color', 'rgb(138, 77, 118)')\ncy.get('#color').click({\n  force: true\n});\ncy.get('#color11').dblclick();\ncy.get('#color').rightclick();",
          "err": {
            "message": "AssertionError: Timed out retrying after 4000ms: Expected to find element: `#color11`, but never found it.",
            "estack": "AssertionError: Timed out retrying after 4000ms: Expected to find element: `#color11`, but never found it.\n    at Context.eval (webpack://cypress-project/./cypress/e2e/practice/button.cy.js:13:7)",
            "diff": null
          },
          "uuid": "c9bfbb6f-7bb5-41fa-8071-173e6b45cb2f",
          "parentUUID": "0406f5f2-0ce0-46bd-b2ec-87e8df6156d1",
          "isHook": false,
          "skipped": false
        }
      ],
      "suites": [],
      "passes": [],
      "failures": [
        "c9bfbb6f-7bb5-41fa-8071-173e6b45cb2f"
      ],
      "pending": [],
      "skipped": [],
      "duration": 6955,
      "root": true,
      "rootEmpty": false,
      "_timeout": 2000
    }
  ],
  "meta": {
    "mocha": {
      "version": "7.0.1"
    },
    "mochawesome": {
      "options": {
        "quiet": false,
        "reportFilename": "mochawesome",
        "saveHtml": true,
        "saveJson": true,
        "consoleReporter": "spec",
        "useInlineDiffs": false,
        "code": true
      },
      "version": "7.1.3"
    },
    "marge": {
      "options": {
        "reportDir": "cypress/test-reports",
        "overwrite": false,
        "html": true
      },
      "version": "6.2.0"
    }
  }
}